Arguments: 
  /Users/biro/.nvm/versions/node/v8.1.4/bin/node /Users/biro/.nvm/versions/node/v8.1.4/bin/yarn

PATH: 
  /Users/biro/anaconda/bin:/Library/Frameworks/Python.framework/Versions/3.6/bin:/Library/Frameworks/Python.framework/Versions/3.6/bin:/Users/biro/.nvm/versions/node/v8.1.4/bin:/usr/local/bin:/usr/bin:/bin:/usr/sbin:/sbin:/usr/local/share/dotnet:/usr/local/go/bin:/Library/Frameworks/Mono.framework/Versions/Current/Commands:/Applications/Wireshark.app/Contents/MacOS:/Users/biro/anaconda/bin:/Library/Frameworks/Python.framework/Versions/3.6/bin

Yarn version: 
  0.27.5

Node version: 
  8.1.4

Platform: 
  darwin x64

npm manifest: 
  {
    "name": "temp-app",
    "version": "0.1.0",
    "private": true,
    "dependencies": {
      "material-ui": "^1.0.0-beta.3",
      "material-ui-icons": "^1.0.0-alpha.19",
      "react": "^15.6.1",
      "react-dom": "^15.6.1",
      "react-redux": "^5.0.5",
      "react-router-dom": "^4.1.2",
      "react-scripts": "1.0.10",
      "redux": "^3.7.2"
    },
    "scripts": {
      "start": "react-scripts start",
      "build": "react-scripts build",
      "test": "react-scripts test --env=jsdom",
      "eject": "react-scripts eject"
    },
    "devDependencies": {}
  }

yarn manifest: 
  No manifest

Lockfile: 
  No lockfile

Trace: 
  Error: http://10.10.2.254:4873/material-ui: ETIMEDOUT
      at Timeout._onTimeout (/Users/biro/.nvm/versions/node/v8.1.4/lib/node_modules/yarn/node_modules/request/request.js:852:19)
      at ontimeout (timers.js:488:11)
      at tryOnTimeout (timers.js:323:5)
      at Timer.listOnTimeout (timers.js:283:5)
